SF:lib\UI\deadline\widget\buttons_design.dart
DA:4,1
DA:12,1
DA:14,1
DA:15,1
DA:16,1
DA:17,1
DA:18,1
DA:19,1
DA:23,2
LF:9
LH:9
end_of_record
SF:lib\navigation_service\go_router_navigation_service.dart
DA:9,1
DA:13,3
DA:19,2
DA:24,1
DA:25,2
LF:5
LH:5
end_of_record
SF:lib\navigation_service\go_router_navigation_service.g.dart
DA:9,1
DA:16,2
DA:17,1
LF:3
LH:3
end_of_record
SF:lib\UI\Deadline_details\deadline_detail_view.dart
DA:12,0
DA:16,0
DA:19,0
DA:23,0
DA:28,0
DA:50,0
DA:54,0
DA:55,0
DA:56,0
DA:57,0
DA:61,0
DA:62,0
DA:63,0
DA:65,0
DA:72,0
DA:78,0
DA:82,0
DA:83,0
DA:84,0
DA:86,0
DA:87,0
DA:96,0
DA:98,0
DA:99,0
DA:100,0
DA:101,0
DA:113,0
DA:117,0
DA:118,0
DA:119,0
DA:121,0
DA:128,0
DA:132,0
DA:134,0
DA:135,0
DA:137,0
DA:138,0
DA:139,0
DA:147,0
DA:148,0
LF:40
LH:0
end_of_record
SF:lib\UI\Deadline_details\deadline_details_provider.g.dart
DA:9,0
DA:16,0
DA:17,0
LF:3
LH:0
end_of_record
SF:lib\UI\Deadline_details\deadline_details_provider.dart
DA:9,0
DA:10,0
DA:11,0
DA:12,0
DA:13,0
LF:5
LH:0
end_of_record
SF:lib\UI\deadline\widget\background_widget.dart
DA:6,1
DA:10,1
DA:12,1
DA:23,1
LF:4
LH:4
end_of_record
SF:lib\commons\custom_appbar.dart
DA:7,6
DA:13,1
DA:15,1
DA:16,2
DA:20,1
LF:5
LH:5
end_of_record
SF:lib\commons\nav_bar.dart
DA:9,0
DA:14,0
DA:16,0
DA:19,0
DA:22,0
DA:23,0
DA:25,0
DA:26,0
DA:27,0
DA:28,0
DA:32,0
DA:34,0
DA:35,0
DA:37,0
DA:38,0
DA:41,0
DA:43,0
DA:45,0
LF:18
LH:0
end_of_record
SF:lib\database\task_details\task_details_model.g.dart
DA:13,0
DA:15,0
DA:16,0
DA:17,0
DA:19,0
DA:20,0
DA:21,0
DA:22,0
DA:23,0
DA:24,0
DA:28,0
DA:31,0
DA:32,0
DA:33,0
DA:34,0
DA:35,0
DA:36,0
DA:37,0
DA:38,0
DA:39,0
DA:40,0
DA:41,0
DA:44,0
DA:45,0
DA:47,0
DA:50,0
DA:51,0
DA:52,0
LF:28
LH:0
end_of_record
SF:lib\database\task_details\task_details_model.dart
DA:9,0
DA:31,0
DA:32,0
DA:33,0
DA:34,0
DA:35,0
DA:36,0
DA:39,0
DA:40,0
DA:41,0
DA:42,0
DA:43,0
DA:44,0
LF:13
LH:0
end_of_record
SF:lib\UI\Deadline_details\deadline_details_controller.g.dart
DA:9,0
DA:14,0
DA:16,0
DA:18,0
DA:20,0
DA:21,0
DA:24,0
DA:26,0
DA:28,0
DA:29,0
DA:50,2
DA:53,0
DA:56,0
DA:61,0
DA:65,0
DA:66,0
DA:72,0
DA:77,0
DA:81,0
DA:90,0
DA:92,0
DA:93,0
DA:94,0
DA:107,0
DA:115,0
DA:119,0
DA:123,0
DA:124,0
DA:128,0
DA:130,0
DA:132,0
DA:133,0
DA:134,0
DA:139,0
DA:144,0
DA:147,0
DA:150,0
DA:152,0
DA:153,0
DA:156,0
DA:158,0
DA:159,0
DA:161,0
DA:174,0
DA:176,0
DA:178,0
LF:46
LH:1
end_of_record
SF:lib\UI\Deadline_details\deadline_details_controller.dart
DA:15,0
DA:19,0
DA:20,0
DA:23,0
DA:25,0
DA:26,0
DA:27,0
DA:28,0
DA:29,0
DA:30,0
DA:31,0
DA:37,0
DA:39,0
DA:41,0
DA:42,0
DA:43,0
LF:16
LH:0
end_of_record
SF:lib\database\task\tasks_provider.dart
DA:18,0
DA:19,0
DA:20,0
DA:23,0
DA:24,0
DA:25,0
DA:28,0
DA:29,0
DA:30,0
DA:33,0
DA:34,0
DA:35,0
DA:38,0
DA:39,0
DA:40,0
DA:43,0
DA:44,0
DA:45,0
DA:48,0
DA:49,0
DA:50,0
DA:53,0
DA:54,0
DA:55,0
DA:58,0
DA:59,0
DA:60,0
DA:63,0
DA:64,0
DA:65,0
DA:68,0
DA:69,0
DA:70,0
DA:71,0
DA:72,0
DA:73,0
DA:74,0
DA:75,0
DA:76,0
DA:78,0
DA:91,0
DA:93,0
DA:94,0
DA:97,0
DA:98,0
DA:101,0
DA:102,0
DA:105,0
DA:106,0
DA:109,0
DA:110,0
DA:113,0
DA:114,0
DA:117,0
DA:118,0
DA:121,0
DA:122,0
DA:123,0
LF:58
LH:0
end_of_record
SF:lib\UI\createdeadline\create_deadline_controller.g.dart
DA:9,1
DA:14,0
DA:16,1
DA:18,2
DA:20,4
DA:21,2
DA:24,1
DA:26,4
DA:28,2
DA:29,4
DA:51,2
DA:54,1
DA:57,1
DA:62,0
DA:66,0
DA:67,0
DA:73,0
DA:78,0
DA:82,0
DA:91,1
DA:93,1
DA:94,2
DA:95,1
DA:108,1
DA:116,1
DA:120,1
DA:124,1
DA:125,1
DA:129,0
DA:131,0
DA:133,0
DA:134,0
DA:135,0
DA:140,0
DA:145,1
DA:148,1
DA:151,1
DA:153,1
DA:154,3
DA:157,1
DA:159,3
DA:160,3
DA:162,1
DA:175,1
DA:177,0
DA:179,0
LF:46
LH:31
end_of_record
SF:lib\UI\createdeadline\create_deadline_controller.dart
DA:18,0
DA:19,0
DA:20,0
DA:21,0
DA:22,0
DA:23,0
DA:24,0
DA:30,0
DA:31,0
DA:33,1
DA:37,1
DA:38,1
DA:50,0
DA:57,0
DA:59,0
DA:60,0
DA:61,0
DA:62,0
DA:64,0
DA:65,0
DA:66,0
DA:67,0
DA:69,0
DA:70,0
DA:73,0
DA:76,0
DA:77,0
DA:79,0
DA:87,0
DA:88,0
DA:90,0
DA:91,0
DA:100,0
DA:102,0
DA:105,0
DA:107,0
DA:108,0
DA:109,0
DA:111,0
LF:39
LH:3
end_of_record
SF:lib\UI\createdeadline\create_deadline_model.dart
DA:20,0
LF:1
LH:0
end_of_record
SF:lib\UI\createdeadline\create_deadline_view.dart
DA:14,1
DA:15,1
DA:24,1
DA:38,1
DA:39,1
DA:40,1
DA:41,1
DA:42,1
DA:43,1
DA:44,1
DA:53,1
DA:56,2
DA:57,2
DA:59,1
DA:61,1
DA:62,1
DA:63,1
DA:64,2
DA:66,1
DA:70,1
DA:72,1
DA:73,1
DA:75,1
DA:76,1
DA:77,1
DA:93,1
DA:97,1
DA:99,1
DA:100,1
DA:102,1
DA:103,1
DA:104,1
DA:108,1
DA:110,1
DA:112,1
DA:113,0
DA:114,0
DA:124,1
DA:128,1
DA:130,1
DA:131,1
DA:133,1
DA:134,1
DA:135,1
DA:143,1
DA:145,1
DA:147,1
DA:148,1
DA:150,1
DA:161,1
DA:162,1
DA:175,1
DA:179,1
DA:181,1
DA:182,1
DA:184,1
DA:185,1
DA:187,1
DA:188,1
DA:189,1
DA:195,1
DA:196,1
DA:197,1
DA:199,1
DA:203,4
DA:204,0
DA:205,0
DA:207,1
DA:209,1
DA:211,1
DA:212,2
DA:231,1
DA:232,0
DA:235,0
DA:238,0
DA:239,0
DA:240,0
DA:242,0
DA:244,0
DA:255,0
LF:80
LH:68
end_of_record
SF:lib\database\task\tasks_model.g.dart
DA:13,0
DA:15,0
DA:16,0
DA:17,0
DA:19,0
DA:20,0
DA:21,0
DA:22,0
DA:23,0
DA:24,0
DA:25,0
DA:29,0
DA:32,0
DA:33,0
DA:34,0
DA:35,0
DA:36,0
DA:37,0
DA:38,0
DA:39,0
DA:40,0
DA:41,0
DA:42,0
DA:43,0
DA:44,0
DA:47,0
DA:48,0
DA:50,0
DA:53,0
DA:54,0
DA:55,0
LF:31
LH:0
end_of_record
SF:lib\database\task\tasks_model.dart
DA:9,0
DA:35,0
DA:36,0
DA:37,0
DA:38,0
DA:39,0
DA:40,0
DA:41,0
DA:44,0
DA:45,0
DA:46,0
DA:47,0
DA:48,0
DA:49,0
DA:50,0
LF:15
LH:0
end_of_record
SF:lib\UI\createdeadline\create_deadline_provider.g.dart
DA:9,0
DA:14,2
DA:15,1
DA:27,1
DA:32,2
DA:33,1
LF:6
LH:5
end_of_record
SF:lib\UI\createdeadline\create_deadline_provider.dart
DA:10,0
DA:12,0
DA:13,0
DA:14,0
DA:15,0
DA:18,1
DA:20,1
DA:21,1
DA:22,2
LF:9
LH:4
end_of_record
SF:lib\UI\deadline\deadline_controller.g.dart
DA:9,0
DA:14,0
DA:16,0
DA:18,0
DA:20,0
DA:21,0
DA:24,0
DA:26,0
DA:28,0
DA:29,0
DA:49,2
DA:52,0
DA:55,0
DA:60,0
DA:64,0
DA:65,0
DA:71,0
DA:76,0
DA:80,0
DA:88,0
DA:90,0
DA:91,0
DA:92,0
DA:105,0
DA:113,0
DA:117,0
DA:121,0
DA:122,0
DA:126,0
DA:128,0
DA:130,0
DA:131,0
DA:132,0
DA:137,0
DA:142,0
DA:145,0
DA:148,0
DA:150,0
DA:151,0
DA:154,0
DA:156,0
DA:157,0
DA:159,0
DA:172,0
DA:174,0
DA:176,0
LF:46
LH:1
end_of_record
SF:lib\UI\deadline\deadline_controller.dart
DA:20,0
DA:24,0
DA:33,0
DA:43,0
DA:44,0
DA:47,0
DA:48,0
DA:51,0
DA:52,0
DA:53,0
DA:56,0
DA:59,0
DA:61,0
DA:62,0
DA:63,0
DA:64,0
DA:65,0
DA:66,0
DA:73,0
DA:75,0
DA:76,0
DA:77,0
DA:78,0
DA:81,0
DA:83,0
DA:84,0
DA:85,0
DA:86,0
DA:89,0
DA:91,0
DA:92,0
DA:93,0
DA:94,0
DA:97,0
DA:99,0
DA:100,0
DA:101,0
DA:102,0
LF:38
LH:0
end_of_record
SF:lib\UI\deadline\deadline_model.dart
DA:22,0
LF:1
LH:0
end_of_record
SF:lib\UI\deadline\deadline_view.dart
DA:13,2
DA:17,0
DA:22,0
DA:26,0
DA:27,0
DA:30,0
DA:31,0
DA:34,0
DA:35,0
DA:36,0
DA:38,0
DA:39,0
DA:42,0
DA:43,0
DA:47,0
DA:60,0
DA:61,0
DA:62,0
DA:64,0
DA:67,0
DA:68,0
DA:69,0
DA:70,0
DA:71,0
DA:72,0
DA:73,0
DA:74,0
DA:78,0
DA:79,0
DA:80,0
DA:81,0
DA:83,0
DA:84,0
DA:85,0
DA:86,0
DA:87,0
DA:89,0
DA:90,0
DA:91,0
DA:92,0
DA:93,0
DA:104,0
DA:105,0
DA:108,0
DA:109,0
DA:110,0
LF:46
LH:1
end_of_record
SF:lib\UI\deadline\deadline_diaglog\dialog_box.dart
DA:13,0
DA:21,0
DA:22,0
DA:31,0
DA:33,0
DA:35,0
DA:37,0
DA:38,0
DA:39,0
DA:43,0
DA:44,0
DA:45,0
DA:50,0
DA:52,0
DA:54,0
DA:55,0
DA:56,0
DA:57,0
DA:59,0
DA:60,0
DA:62,0
DA:63,0
DA:68,0
DA:69,0
DA:70,0
DA:79,0
DA:80,0
DA:81,0
DA:83,0
DA:84,0
DA:85,0
DA:86,0
DA:87,0
DA:88,0
DA:96,0
DA:97,0
DA:98,0
DA:100,0
DA:101,0
DA:102,0
DA:103,0
DA:104,0
DA:105,0
DA:106,0
DA:108,0
DA:116,0
DA:118,0
DA:119,0
DA:120,0
DA:121,0
DA:122,0
DA:123,0
DA:124,0
DA:125,0
LF:54
LH:0
end_of_record
SF:lib\UI\deadline\deadline_provider.g.dart
DA:9,0
DA:16,0
DA:17,0
LF:3
LH:0
end_of_record
SF:lib\UI\deadline\deadline_provider.dart
DA:9,0
DA:10,0
DA:11,0
DA:12,0
DA:13,0
LF:5
LH:0
end_of_record
SF:lib\UI\deadline\widget\deadline_tile.dart
DA:7,0
DA:29,0
DA:31,0
DA:32,0
DA:33,0
DA:34,0
DA:36,0
DA:37,0
DA:39,0
DA:40,0
DA:41,0
LF:11
LH:0
end_of_record
SF:lib\UI\deadline_week\deadline_week_controller.dart
DA:10,0
DA:13,0
DA:14,0
DA:15,0
DA:18,0
DA:19,0
DA:20,0
DA:21,0
DA:22,0
DA:23,0
DA:24,0
DA:25,0
DA:28,0
DA:29,0
DA:30,0
DA:31,0
DA:32,0
DA:40,0
DA:41,0
DA:42,0
DA:45,0
LF:21
LH:0
end_of_record
SF:lib\UI\deadline_week\task.dart
DA:5,0
LF:1
LH:0
end_of_record
SF:lib\UI\deadline_week\deadlines_week_view.dart
DA:10,2
DA:11,0
DA:12,0
DA:23,0
DA:26,0
DA:27,0
DA:29,0
DA:30,0
DA:31,0
DA:34,0
DA:36,0
DA:37,0
DA:38,0
DA:39,0
DA:40,0
DA:42,0
DA:43,0
DA:45,0
DA:46,0
DA:47,0
DA:48,0
DA:49,0
DA:51,0
DA:53,0
DA:54,0
DA:55,0
DA:56,0
DA:57,0
DA:59,0
DA:60,0
DA:61,0
DA:67,0
DA:68,0
DA:75,0
DA:77,0
DA:78,0
DA:93,0
LF:37
LH:1
end_of_record
SF:lib\commons\app_colors.dart
DA:10,0
DA:12,0
LF:2
LH:0
end_of_record
SF:lib\commons\failures.dart
DA:4,0
DA:8,0
LF:2
LH:0
end_of_record
SF:lib\database\res\add_task.dart
DA:9,0
DA:11,0
DA:12,0
DA:18,0
DA:20,0
DA:21,0
LF:6
LH:0
end_of_record
SF:lib\database\res\calculate_days_left.dart
DA:6,0
DA:8,0
DA:9,0
LF:3
LH:0
end_of_record
SF:lib\database\res\change_box.dart
DA:6,0
DA:8,0
DA:9,0
LF:3
LH:0
end_of_record
SF:lib\database\res\delete_all.dart
DA:6,0
DA:8,0
DA:9,0
LF:3
LH:0
end_of_record
SF:lib\database\res\delete_task.dart
DA:8,0
DA:10,0
DA:11,0
DA:18,0
DA:20,0
DA:21,0
LF:6
LH:0
end_of_record
SF:lib\database\res\get_task.dart
DA:11,0
DA:13,0
DA:14,0
DA:20,0
DA:22,0
DA:23,0
LF:6
LH:0
end_of_record
SF:lib\database\res\sort_task_by_deadline.dart
DA:6,0
DA:8,0
DA:9,0
LF:3
LH:0
end_of_record
SF:lib\database\res\sort_tasks_by_name.dart
DA:6,0
DA:8,0
DA:9,0
LF:3
LH:0
end_of_record
SF:lib\database\task\tasks_methods.dart
DA:8,0
DA:10,0
DA:11,0
DA:14,0
DA:15,0
DA:18,0
DA:19,0
DA:21,0
DA:22,0
DA:25,0
DA:26,0
DA:28,0
DA:30,0
DA:33,0
DA:34,0
DA:37,0
DA:38,0
DA:41,0
DA:42,0
DA:43,0
DA:44,0
DA:52,0
DA:53,0
DA:54,0
DA:55,0
DA:57,0
DA:58,0
DA:59,0
DA:60,0
DA:62,0
DA:65,0
DA:66,0
DA:68,0
DA:69,0
DA:70,0
DA:71,0
DA:76,0
DA:77,0
DA:78,0
DA:79,0
DA:80,0
DA:81,0
DA:85,0
DA:86,0
DA:87,0
DA:88,0
DA:89,0
DA:90,0
LF:48
LH:0
end_of_record
SF:lib\database\task\tasks_repository_impl.dart
DA:11,0
DA:13,0
DA:15,0
DA:16,0
DA:19,0
DA:21,0
DA:24,0
DA:26,0
DA:29,0
DA:31,0
DA:34,0
DA:36,0
DA:40,0
DA:42,0
DA:46,0
DA:48,0
DA:51,0
DA:54,0
DA:55,0
DA:56,0
DA:57,0
DA:59,0
LF:22
LH:0
end_of_record
SF:lib\go_router.dart
DA:16,0
DA:17,0
DA:19,1
DA:20,1
DA:22,1
DA:23,1
DA:25,0
DA:28,1
DA:30,0
DA:33,1
DA:35,0
DA:37,1
DA:39,0
DA:41,0
DA:43,0
LF:15
LH:7
end_of_record
SF:lib\go_router.g.dart
DA:9,1
DA:13,3
LF:2
LH:2
end_of_record
